job 4 at Wed Oct 3 00:36:00 2029 
job 5 at Mon Sep 15 01:00:00 2014 grep -HinT --color=auto something /tmp/test.log
job 6 at Tue Sep 16 01:00:00 2014 echo Space,,, >> /tmp/test.log
job 7 at Wed Oct 3 00:36:00 2029 nT --color=auto something /tmp/test.log
job 8 at Mon Sep 15 01:00:00 2014 grep -HinT --color=auto something /tmp/test.log
job 9 at Tue Sep 16 01:00:00 2014 echo Space,,, >> /tmp/test.log
job 10 at Wed Oct 3 00:36:00 2029 nT --color=auto something /tmp/test.log
job 11 at Mon Sep 15 01:00:00 2014 grep -HinT --color=auto something /tmp/test.log
job 12 at Tue Sep 16 01:00:00 2014 echo Space,,, >> /tmp/test.log
job 13 at Wed Oct 3 00:36:00 2029 nT --color=auto something /tmp/test.log
job 14 at Mon Sep 15 01:00:00 2014 grep -HinT --color=auto something /tmp/test.log
job 15 at Tue Sep 16 01:00:00 2014 echo Space,,, >> /tmp/test.log
job 16 at Mon Sep 15 01:00:00 2014 grep -HinT --color=auto something /tmp/test.log
job 17 at Mon Sep 15 01:00:00 2014 grep -HinT --color=auto something /tmp/test.log
job 19 at Wed Oct 3 00:36:00 2029 nT --color=auto something /tmp/test.log
job 20 at Mon Sep 15 01:00:00 2014 grep -HinT --color=auto something /tmp/test.log
job 21 at Tue Sep 16 01:00:00 2014 echo Space,,, >> /tmp/test.log
job 22 at Wed Oct 3 00:36:00 2029 nT --color=auto something /tmp/test.log
job 23 at Mon Sep 15 01:00:00 2014 grep -HinT --color=auto something /tmp/test.log
job 24 at Tue Sep 16 01:00:00 2014 echo Space,,, >> /tmp/test.log
job 25 at Wed Oct 3 00:36:00 2029 nT --color=auto _add__job /tmp/test.log
job 26 at Mon Sep 15 01:00:00 2014 grep -HinT --color=auto canceljob /tmp/test.log
job 27 at Tue Sep 16 01:00:00 2014 echo Space,,, >> /tmp/test.log
job 28 at Wed Oct 3 00:36:00 2029 nT --color=auto execution /tmp/test.log
job 29 at Mon Sep 15 01:00:00 2014 grep -HinT --color=auto canceljob /tmp/test.log
job 30 at Tue Sep 16 01:00:00 2014 echo Space,,, >> /tmp/test.log
job 31 at Wed Oct 3 00:36:00 2029 -HinT --color=auto execution /tmp/test.log
job 32 at Mon Sep 15 01:00:00 2014 grep -HinT --color=auto canceljob /tmp/test.log
job 33 at Tue Sep 16 01:00:00 2014 echo Space,,, >> /tmp/test.log
job 34 at Wed Oct 3 00:36:00 2029 --color=auto execution /tmp/test.log
job 35 at Mon Sep 15 01:00:00 2014 grep -HinT --color=auto canceljob /tmp/test.log
job 36 at Tue Sep 16 01:00:00 2014 echo Space,,, >> /tmp/test.log
job 37 at Wed Oct 3 00:36:00 2029 T --color=auto execution /tmp/test.log
job 38 at Mon Sep 15 01:00:00 2014 grep -HinT --color=auto canceljob /tmp/test.log
job 39 at Tue Sep 16 01:00:00 2014 echo Space,,, >> /tmp/test.log
job 40 at Wed Oct 3 00:36:00 2029 -HinT --color=auto execution /tmp/test.log
job 41 at Mon Sep 15 01:00:00 2014 grep -HinT --color=auto canceljob /tmp/test.log
job 42 at Tue Sep 16 01:00:00 2014 echo Space,,, >> /tmp/test.log
job 43 at Wed Dec 31 19:01:00 1969 grep -HinT --color=auto execution /tmp/test.log
job 44 at Mon Sep 15 01:00:00 2014 grep -HinT --color=auto canceljob /tmp/test.log
job 45 at Tue Sep 16 01:00:00 2014 echo Space,,, >> /tmp/test.log
job 46 at Wed Dec 31 19:01:00 1969 PrT
job 47 at Mon Sep 15 01:00:00 2014 grep -HinT --color=auto canceljob /tmp/test.log
job 48 at Tue Sep 16 01:00:00 2014 echo Space,,, >> /tmp/test.log
job 49 at Mon Sep 15 01:00:00 2014 grep -HinT --color=auto execution /tmp/test.log
job 50 at Mon Sep 15 01:00:00 2014 grep -HinT --color=auto canceljob /tmp/test.log
job 51 at Tue Sep 16 01:00:00 2014 echo Space,,, >> /tmp/test.log
